<?xml version="1.0" encoding="UTF-8"?>
<coverage generated="1649982008587" clover="3.2.0">
  <project timestamp="1649982008587" name="All files">
    <metrics statements="78" coveredstatements="51" conditionals="52" coveredconditionals="30" methods="19" coveredmethods="11" elements="149" coveredelements="92" complexity="0" loc="78" ncloc="78" packages="1" files="2" classes="2"/>
    <file name="helpers.ts" path="/Users/matt/Documents/Personal/obsidian-zotero-desktop-connector/src/bbt/helpers.ts">
      <metrics statements="12" coveredstatements="12" conditionals="4" coveredconditionals="4" methods="4" coveredmethods="4"/>
      <line num="5" count="1" type="stmt"/>
      <line num="13" count="2" type="cond" truecount="2" falsecount="0"/>
      <line num="17" count="2" type="stmt"/>
      <line num="19" count="2" type="cond" truecount="2" falsecount="0"/>
      <line num="21" count="1" type="stmt"/>
      <line num="24" count="1" type="stmt"/>
      <line num="25" count="1" type="stmt"/>
      <line num="28" count="29" type="stmt"/>
      <line num="36" count="8" type="stmt"/>
      <line num="37" count="8" type="stmt"/>
      <line num="38" count="8" type="stmt"/>
      <line num="40" count="8" type="stmt"/>
    </file>
    <file name="template.helpers.ts" path="/Users/matt/Documents/Personal/obsidian-zotero-desktop-connector/src/bbt/template.helpers.ts">
      <metrics statements="66" coveredstatements="39" conditionals="48" coveredconditionals="26" methods="15" coveredmethods="7"/>
      <line num="6" count="1" type="stmt"/>
      <line num="11" count="21" type="cond" truecount="2" falsecount="0"/>
      <line num="12" count="1" type="stmt"/>
      <line num="15" count="20" type="stmt"/>
      <line num="19" count="84" type="stmt"/>
      <line num="23" count="21" type="stmt"/>
      <line num="25" count="21" type="stmt"/>
      <line num="26" count="63" type="stmt"/>
      <line num="28" count="63" type="stmt"/>
      <line num="29" count="84" type="stmt"/>
      <line num="31" count="84" type="cond" truecount="1" falsecount="1"/>
      <line num="32" count="84" type="stmt"/>
      <line num="34" count="0" type="stmt"/>
      <line num="38" count="63" type="stmt"/>
      <line num="57" count="21" type="stmt"/>
      <line num="59" count="21" type="stmt"/>
      <line num="60" count="63" type="cond" truecount="1" falsecount="1"/>
      <line num="62" count="63" type="cond" truecount="1" falsecount="1"/>
      <line num="64" count="63" type="cond" truecount="2" falsecount="0"/>
      <line num="68" count="27" type="stmt"/>
      <line num="70" count="27" type="stmt"/>
      <line num="72" count="27" type="cond" truecount="2" falsecount="0"/>
      <line num="73" count="9" type="stmt"/>
      <line num="76" count="18" type="cond" truecount="2" falsecount="0"/>
      <line num="77" count="9" type="stmt"/>
      <line num="80" count="9" type="cond" truecount="1" falsecount="1"/>
      <line num="81" count="9" type="stmt"/>
      <line num="85" count="36" type="cond" truecount="2" falsecount="0"/>
      <line num="90" count="33" type="cond" truecount="4" falsecount="0"/>
      <line num="92" count="30" type="cond" truecount="4" falsecount="0"/>
      <line num="94" count="6" type="stmt"/>
      <line num="96" count="9" type="stmt"/>
      <line num="98" count="6" type="stmt"/>
      <line num="100" count="9" type="stmt"/>
      <line num="104" count="3" type="stmt"/>
      <line num="108" count="1" type="stmt"/>
      <line num="111" count="2" type="cond" truecount="2" falsecount="0"/>
      <line num="112" count="1" type="stmt"/>
      <line num="115" count="1" type="stmt"/>
      <line num="121" count="1" type="stmt"/>
      <line num="128" count="0" type="cond" truecount="0" falsecount="2"/>
      <line num="130" count="0" type="stmt"/>
      <line num="134" count="0" type="cond" truecount="0" falsecount="2"/>
      <line num="135" count="0" type="stmt"/>
      <line num="136" count="0" type="stmt"/>
      <line num="139" count="0" type="stmt"/>
      <line num="143" count="0" type="stmt"/>
      <line num="145" count="0" type="stmt"/>
      <line num="165" count="0" type="stmt"/>
      <line num="167" count="0" type="cond" truecount="0" falsecount="4"/>
      <line num="168" count="0" type="stmt"/>
      <line num="171" count="0" type="stmt"/>
      <line num="175" count="0" type="stmt"/>
      <line num="179" count="0" type="stmt"/>
      <line num="183" count="0" type="cond" truecount="0" falsecount="4"/>
      <line num="184" count="0" type="stmt"/>
      <line num="187" count="0" type="stmt"/>
      <line num="191" count="0" type="stmt"/>
      <line num="195" count="0" type="cond" truecount="0" falsecount="2"/>
      <line num="196" count="0" type="stmt"/>
      <line num="199" count="0" type="stmt"/>
      <line num="203" count="0" type="cond" truecount="0" falsecount="2"/>
      <line num="204" count="0" type="stmt"/>
      <line num="207" count="0" type="cond" truecount="0" falsecount="2"/>
      <line num="208" count="0" type="stmt"/>
      <line num="211" count="0" type="stmt"/>
    </file>
  </project>
</coverage>
