{"/Users/matt/Documents/Personal/obsidian-zotero-desktop-connector/src/bbt/helpers.ts": {"path":"/Users/matt/Documents/Personal/obsidian-zotero-desktop-connector/src/bbt/helpers.ts","statementMap":{"0":{"start":{"line":5,"column":30},"end":{"line":10,"column":1}},"1":{"start":{"line":13,"column":2},"end":{"line":13,"column":51}},"2":{"start":{"line":17,"column":14},"end":{"line":17,"column":34}},"3":{"start":{"line":19,"column":2},"end":{"line":19,"column":50}},"4":{"start":{"line":19,"column":43},"end":{"line":19,"column":50}},"5":{"start":{"line":21,"column":2},"end":{"line":21,"column":36}},"6":{"start":{"line":24,"column":21},"end":{"line":24,"column":35}},"7":{"start":{"line":25,"column":20},"end":{"line":25,"column":37}},"8":{"start":{"line":28,"column":2},"end":{"line":32,"column":12}},"9":{"start":{"line":36,"column":17},"end":{"line":36,"column":37}},"10":{"start":{"line":37,"column":14},"end":{"line":37,"column":45}},"11":{"start":{"line":38,"column":15},"end":{"line":38,"column":47}},"12":{"start":{"line":40,"column":2},"end":{"line":40,"column":48}}},"fnMap":{"0":{"name":"getPort","decl":{"start":{"line":12,"column":16},"end":{"line":12,"column":23}},"loc":{"start":{"line":12,"column":44},"end":{"line":14,"column":1}},"line":12},"1":{"name":"mkMDDir","decl":{"start":{"line":16,"column":22},"end":{"line":16,"column":29}},"loc":{"start":{"line":16,"column":46},"end":{"line":22,"column":1}},"line":16},"2":{"name":"replaceIllegalChars","decl":{"start":{"line":27,"column":16},"end":{"line":27,"column":35}},"loc":{"start":{"line":27,"column":49},"end":{"line":33,"column":1}},"line":27},"3":{"name":"sanitizeFilePath","decl":{"start":{"line":35,"column":16},"end":{"line":35,"column":32}},"loc":{"start":{"line":35,"column":51},"end":{"line":41,"column":1}},"line":35}},"branchMap":{"0":{"loc":{"start":{"line":13,"column":9},"end":{"line":13,"column":50}},"type":"cond-expr","locations":[{"start":{"line":13,"column":33},"end":{"line":13,"column":40}},{"start":{"line":13,"column":43},"end":{"line":13,"column":50}}],"line":13},"1":{"loc":{"start":{"line":19,"column":2},"end":{"line":19,"column":50}},"type":"if","locations":[{"start":{"line":19,"column":2},"end":{"line":19,"column":50}},{"start":{},"end":{}}],"line":19}},"s":{"0":1,"1":2,"2":2,"3":2,"4":1,"5":1,"6":1,"7":1,"8":29,"9":8,"10":8,"11":8,"12":8},"f":{"0":2,"1":2,"2":29,"3":8},"b":{"0":[1,1],"1":[1,1]},"_coverageSchema":"1a1c01bbd47fc00a2c39e90264f33305004495a9","hash":"9ecec7b3545e5049d09cd32638f8d21ecfc8ee2f"}
,"/Users/matt/Documents/Personal/obsidian-zotero-desktop-connector/src/bbt/template.helpers.ts": {"path":"/Users/matt/Documents/Personal/obsidian-zotero-desktop-connector/src/bbt/template.helpers.ts","statementMap":{"0":{"start":{"line":6,"column":24},"end":{"line":8,"column":2}},"1":{"start":{"line":11,"column":2},"end":{"line":13,"column":3}},"2":{"start":{"line":12,"column":4},"end":{"line":12,"column":14}},"3":{"start":{"line":15,"column":2},"end":{"line":15,"column":25}},"4":{"start":{"line":19,"column":2},"end":{"line":19,"column":54}},"5":{"start":{"line":23,"column":16},"end":{"line":23,"column":49}},"6":{"start":{"line":25,"column":2},"end":{"line":39,"column":4}},"7":{"start":{"line":26,"column":16},"end":{"line":26,"column":20}},"8":{"start":{"line":28,"column":4},"end":{"line":36,"column":5}},"9":{"start":{"line":28,"column":17},"end":{"line":28,"column":18}},"10":{"start":{"line":29,"column":19},"end":{"line":29,"column":27}},"11":{"start":{"line":31,"column":6},"end":{"line":35,"column":7}},"12":{"start":{"line":32,"column":8},"end":{"line":32,"column":28}},"13":{"start":{"line":34,"column":8},"end":{"line":34,"column":25}},"14":{"start":{"line":38,"column":4},"end":{"line":38,"column":17}},"15":{"start":{"line":57,"column":17},"end":{"line":57,"column":36}},"16":{"start":{"line":59,"column":2},"end":{"line":105,"column":5}},"17":{"start":{"line":60,"column":25},"end":{"line":60,"column":62}},"18":{"start":{"line":62,"column":4},"end":{"line":62,"column":30}},"19":{"start":{"line":62,"column":17},"end":{"line":62,"column":30}},"20":{"start":{"line":64,"column":4},"end":{"line":83,"column":5}},"21":{"start":{"line":68,"column":22},"end":{"line":68,"column":45}},"22":{"start":{"line":70,"column":6},"end":{"line":70,"column":53}},"23":{"start":{"line":72,"column":6},"end":{"line":74,"column":7}},"24":{"start":{"line":73,"column":8},"end":{"line":73,"column":42}},"25":{"start":{"line":76,"column":6},"end":{"line":78,"column":7}},"26":{"start":{"line":77,"column":8},"end":{"line":77,"column":40}},"27":{"start":{"line":80,"column":6},"end":{"line":82,"column":7}},"28":{"start":{"line":81,"column":8},"end":{"line":81,"column":40}},"29":{"start":{"line":85,"column":4},"end":{"line":102,"column":5}},"30":{"start":{"line":90,"column":6},"end":{"line":90,"column":74}},"31":{"start":{"line":90,"column":61},"end":{"line":90,"column":74}},"32":{"start":{"line":92,"column":6},"end":{"line":101,"column":7}},"33":{"start":{"line":94,"column":10},"end":{"line":94,"column":37}},"34":{"start":{"line":96,"column":10},"end":{"line":96,"column":43}},"35":{"start":{"line":98,"column":10},"end":{"line":98,"column":38}},"36":{"start":{"line":100,"column":10},"end":{"line":100,"column":44}},"37":{"start":{"line":104,"column":4},"end":{"line":104,"column":17}},"38":{"start":{"line":108,"column":0},"end":{"line":108,"column":41}},"39":{"start":{"line":111,"column":2},"end":{"line":113,"column":3}},"40":{"start":{"line":112,"column":4},"end":{"line":112,"column":31}},"41":{"start":{"line":115,"column":2},"end":{"line":118,"column":4}},"42":{"start":{"line":121,"column":0},"end":{"line":121,"column":37}},"43":{"start":{"line":128,"column":2},"end":{"line":128,"column":25}},"44":{"start":{"line":128,"column":13},"end":{"line":128,"column":25}},"45":{"start":{"line":130,"column":23},"end":{"line":132,"column":3}},"46":{"start":{"line":134,"column":2},"end":{"line":137,"column":3}},"47":{"start":{"line":135,"column":4},"end":{"line":135,"column":60}},"48":{"start":{"line":136,"column":4},"end":{"line":136,"column":16}},"49":{"start":{"line":139,"column":2},"end":{"line":139,"column":53}},"50":{"start":{"line":143,"column":27},"end":{"line":143,"column":33}},"51":{"start":{"line":145,"column":2},"end":{"line":161,"column":4}},"52":{"start":{"line":165,"column":16},"end":{"line":165,"column":55}},"53":{"start":{"line":167,"column":2},"end":{"line":169,"column":3}},"54":{"start":{"line":168,"column":4},"end":{"line":168,"column":38}},"55":{"start":{"line":171,"column":2},"end":{"line":171,"column":19}},"56":{"start":{"line":175,"column":2},"end":{"line":175,"column":69}},"57":{"start":{"line":179,"column":16},"end":{"line":181,"column":3}},"58":{"start":{"line":183,"column":2},"end":{"line":185,"column":3}},"59":{"start":{"line":184,"column":4},"end":{"line":184,"column":27}},"60":{"start":{"line":187,"column":2},"end":{"line":187,"column":12}},"61":{"start":{"line":191,"column":2},"end":{"line":191,"column":70}},"62":{"start":{"line":195,"column":2},"end":{"line":197,"column":3}},"63":{"start":{"line":196,"column":4},"end":{"line":196,"column":35}},"64":{"start":{"line":199,"column":2},"end":{"line":199,"column":13}},"65":{"start":{"line":203,"column":2},"end":{"line":205,"column":3}},"66":{"start":{"line":204,"column":4},"end":{"line":204,"column":17}},"67":{"start":{"line":207,"column":2},"end":{"line":209,"column":3}},"68":{"start":{"line":208,"column":4},"end":{"line":208,"column":35}},"69":{"start":{"line":211,"column":2},"end":{"line":211,"column":13}}},"fnMap":{"0":{"name":"_prepareAttributeParts","decl":{"start":{"line":10,"column":9},"end":{"line":10,"column":31}},"loc":{"start":{"line":10,"column":46},"end":{"line":16,"column":1}},"line":10},"1":{"name":"hasOwnProp","decl":{"start":{"line":18,"column":9},"end":{"line":18,"column":19}},"loc":{"start":{"line":18,"column":41},"end":{"line":20,"column":1}},"line":18},"2":{"name":"getAttrGetter","decl":{"start":{"line":22,"column":9},"end":{"line":22,"column":22}},"loc":{"start":{"line":22,"column":42},"end":{"line":40,"column":1}},"line":22},"3":{"name":"attrGetter","decl":{"start":{"line":25,"column":18},"end":{"line":25,"column":28}},"loc":{"start":{"line":25,"column":40},"end":{"line":39,"column":3}},"line":25},"4":{"name":"filterBy","decl":{"start":{"line":51,"column":16},"end":{"line":51,"column":24}},"loc":{"start":{"line":56,"column":2},"end":{"line":106,"column":1}},"line":56},"5":{"name":"(anonymous_5)","decl":{"start":{"line":59,"column":20},"end":{"line":59,"column":21}},"loc":{"start":{"line":59,"column":32},"end":{"line":105,"column":3}},"line":59},"6":{"name":"format","decl":{"start":{"line":110,"column":16},"end":{"line":110,"column":22}},"loc":{"start":{"line":110,"column":60},"end":{"line":119,"column":1}},"line":110},"7":{"name":"loadTemplate","decl":{"start":{"line":123,"column":16},"end":{"line":123,"column":28}},"loc":{"start":{"line":127,"column":26},"end":{"line":140,"column":1}},"line":127},"8":{"name":"getTemplates","decl":{"start":{"line":142,"column":22},"end":{"line":142,"column":34}},"loc":{"start":{"line":142,"column":77},"end":{"line":162,"column":1}},"line":142},"9":{"name":"getLastExport","decl":{"start":{"line":164,"column":16},"end":{"line":164,"column":29}},"loc":{"start":{"line":164,"column":57},"end":{"line":172,"column":1}},"line":164},"10":{"name":"appendExportDate","decl":{"start":{"line":174,"column":16},"end":{"line":174,"column":32}},"loc":{"start":{"line":174,"column":53},"end":{"line":176,"column":1}},"line":174},"11":{"name":"getExistingAnnotations","decl":{"start":{"line":178,"column":16},"end":{"line":178,"column":38}},"loc":{"start":{"line":178,"column":59},"end":{"line":188,"column":1}},"line":178},"12":{"name":"wrapAnnotationTemplate","decl":{"start":{"line":190,"column":16},"end":{"line":190,"column":38}},"loc":{"start":{"line":190,"column":52},"end":{"line":192,"column":1}},"line":190},"13":{"name":"removeStartingSlash","decl":{"start":{"line":194,"column":16},"end":{"line":194,"column":35}},"loc":{"start":{"line":194,"column":49},"end":{"line":200,"column":1}},"line":194},"14":{"name":"sanitizeObsidianPath","decl":{"start":{"line":202,"column":16},"end":{"line":202,"column":36}},"loc":{"start":{"line":202,"column":50},"end":{"line":212,"column":1}},"line":202}},"branchMap":{"0":{"loc":{"start":{"line":11,"column":2},"end":{"line":13,"column":3}},"type":"if","locations":[{"start":{"line":11,"column":2},"end":{"line":13,"column":3}},{"start":{},"end":{}}],"line":11},"1":{"loc":{"start":{"line":31,"column":6},"end":{"line":35,"column":7}},"type":"if","locations":[{"start":{"line":31,"column":6},"end":{"line":35,"column":7}},{"start":{"line":33,"column":13},"end":{"line":35,"column":7}}],"line":31},"2":{"loc":{"start":{"line":60,"column":25},"end":{"line":60,"column":62}},"type":"cond-expr","locations":[{"start":{"line":60,"column":49},"end":{"line":60,"column":50}},{"start":{"line":60,"column":53},"end":{"line":60,"column":62}}],"line":60},"3":{"loc":{"start":{"line":62,"column":4},"end":{"line":62,"column":30}},"type":"if","locations":[{"start":{"line":62,"column":4},"end":{"line":62,"column":30}},{"start":{},"end":{}}],"line":62},"4":{"loc":{"start":{"line":64,"column":4},"end":{"line":83,"column":5}},"type":"if","locations":[{"start":{"line":64,"column":4},"end":{"line":83,"column":5}},{"start":{},"end":{}}],"line":64},"5":{"loc":{"start":{"line":65,"column":6},"end":{"line":66,"column":58}},"type":"binary-expr","locations":[{"start":{"line":65,"column":6},"end":{"line":65,"column":29}},{"start":{"line":66,"column":6},"end":{"line":66,"column":58}}],"line":65},"6":{"loc":{"start":{"line":72,"column":6},"end":{"line":74,"column":7}},"type":"if","locations":[{"start":{"line":72,"column":6},"end":{"line":74,"column":7}},{"start":{},"end":{}}],"line":72},"7":{"loc":{"start":{"line":76,"column":6},"end":{"line":78,"column":7}},"type":"if","locations":[{"start":{"line":76,"column":6},"end":{"line":78,"column":7}},{"start":{},"end":{}}],"line":76},"8":{"loc":{"start":{"line":80,"column":6},"end":{"line":82,"column":7}},"type":"if","locations":[{"start":{"line":80,"column":6},"end":{"line":82,"column":7}},{"start":{},"end":{}}],"line":80},"9":{"loc":{"start":{"line":85,"column":4},"end":{"line":102,"column":5}},"type":"if","locations":[{"start":{"line":85,"column":4},"end":{"line":102,"column":5}},{"start":{},"end":{}}],"line":85},"10":{"loc":{"start":{"line":90,"column":6},"end":{"line":90,"column":74}},"type":"if","locations":[{"start":{"line":90,"column":6},"end":{"line":90,"column":74}},{"start":{},"end":{}}],"line":90},"11":{"loc":{"start":{"line":90,"column":10},"end":{"line":90,"column":59}},"type":"binary-expr","locations":[{"start":{"line":90,"column":10},"end":{"line":90,"column":34}},{"start":{"line":90,"column":38},"end":{"line":90,"column":59}}],"line":90},"12":{"loc":{"start":{"line":92,"column":6},"end":{"line":101,"column":7}},"type":"switch","locations":[{"start":{"line":93,"column":8},"end":{"line":94,"column":37}},{"start":{"line":95,"column":8},"end":{"line":96,"column":43}},{"start":{"line":97,"column":8},"end":{"line":98,"column":38}},{"start":{"line":99,"column":8},"end":{"line":100,"column":44}}],"line":92},"13":{"loc":{"start":{"line":111,"column":2},"end":{"line":113,"column":3}},"type":"if","locations":[{"start":{"line":111,"column":2},"end":{"line":113,"column":3}},{"start":{},"end":{}}],"line":111},"14":{"loc":{"start":{"line":128,"column":2},"end":{"line":128,"column":25}},"type":"if","locations":[{"start":{"line":128,"column":2},"end":{"line":128,"column":25}},{"start":{},"end":{}}],"line":128},"15":{"loc":{"start":{"line":134,"column":2},"end":{"line":137,"column":3}},"type":"if","locations":[{"start":{"line":134,"column":2},"end":{"line":137,"column":3}},{"start":{},"end":{}}],"line":134},"16":{"loc":{"start":{"line":167,"column":2},"end":{"line":169,"column":3}},"type":"if","locations":[{"start":{"line":167,"column":2},"end":{"line":169,"column":3}},{"start":{},"end":{}}],"line":167},"17":{"loc":{"start":{"line":167,"column":6},"end":{"line":167,"column":23}},"type":"binary-expr","locations":[{"start":{"line":167,"column":6},"end":{"line":167,"column":11}},{"start":{"line":167,"column":15},"end":{"line":167,"column":23}}],"line":167},"18":{"loc":{"start":{"line":183,"column":2},"end":{"line":185,"column":3}},"type":"if","locations":[{"start":{"line":183,"column":2},"end":{"line":185,"column":3}},{"start":{},"end":{}}],"line":183},"19":{"loc":{"start":{"line":183,"column":6},"end":{"line":183,"column":23}},"type":"binary-expr","locations":[{"start":{"line":183,"column":6},"end":{"line":183,"column":11}},{"start":{"line":183,"column":15},"end":{"line":183,"column":23}}],"line":183},"20":{"loc":{"start":{"line":195,"column":2},"end":{"line":197,"column":3}},"type":"if","locations":[{"start":{"line":195,"column":2},"end":{"line":197,"column":3}},{"start":{},"end":{}}],"line":195},"21":{"loc":{"start":{"line":203,"column":2},"end":{"line":205,"column":3}},"type":"if","locations":[{"start":{"line":203,"column":2},"end":{"line":205,"column":3}},{"start":{},"end":{}}],"line":203},"22":{"loc":{"start":{"line":207,"column":2},"end":{"line":209,"column":3}},"type":"if","locations":[{"start":{"line":207,"column":2},"end":{"line":209,"column":3}},{"start":{},"end":{}}],"line":207}},"s":{"0":1,"1":21,"2":1,"3":20,"4":84,"5":21,"6":21,"7":63,"8":63,"9":63,"10":84,"11":84,"12":84,"13":0,"14":63,"15":21,"16":21,"17":63,"18":63,"19":0,"20":63,"21":27,"22":27,"23":27,"24":9,"25":18,"26":9,"27":9,"28":9,"29":36,"30":33,"31":3,"32":30,"33":6,"34":9,"35":6,"36":9,"37":3,"38":1,"39":2,"40":1,"41":1,"42":1,"43":0,"44":0,"45":0,"46":0,"47":0,"48":0,"49":0,"50":0,"51":0,"52":0,"53":0,"54":0,"55":0,"56":0,"57":0,"58":0,"59":0,"60":0,"61":0,"62":0,"63":0,"64":0,"65":0,"66":0,"67":0,"68":0,"69":0},"f":{"0":21,"1":84,"2":21,"3":63,"4":21,"5":63,"6":2,"7":0,"8":0,"9":0,"10":0,"11":0,"12":0,"13":0,"14":0},"b":{"0":[1,20],"1":[84,0],"2":[0,63],"3":[0,63],"4":[27,36],"5":[63,33],"6":[9,18],"7":[9,9],"8":[9,0],"9":[33,3],"10":[3,30],"11":[33,33],"12":[6,9,6,9],"13":[1,1],"14":[0,0],"15":[0,0],"16":[0,0],"17":[0,0],"18":[0,0],"19":[0,0],"20":[0,0],"21":[0,0],"22":[0,0]},"_coverageSchema":"1a1c01bbd47fc00a2c39e90264f33305004495a9","hash":"e8f1cb1e86e9168b7d502be00770cf516f28992f"}
}
