TN:
SF:src/bbt/helpers.ts
FN:12,getPort
FN:16,mkMDDir
FN:27,replaceIllegalChars
FN:35,sanitizeFilePath
FNF:4
FNH:4
FNDA:2,getPort
FNDA:2,mkMDDir
FNDA:29,replaceIllegalChars
FNDA:8,sanitizeFilePath
DA:5,1
DA:13,2
DA:17,2
DA:19,2
DA:21,1
DA:24,1
DA:25,1
DA:28,29
DA:36,8
DA:37,8
DA:38,8
DA:40,8
LF:12
LH:12
BRDA:13,0,0,1
BRDA:13,0,1,1
BRDA:19,1,0,1
BRDA:19,1,1,1
BRF:4
BRH:4
end_of_record
TN:
SF:src/bbt/template.helpers.ts
FN:10,_prepareAttributeParts
FN:18,hasOwnProp
FN:22,getAttrGetter
FN:25,attrGetter
FN:51,filterBy
FN:59,(anonymous_5)
FN:110,format
FN:123,loadTemplate
FN:142,getTemplates
FN:164,getLastExport
FN:174,appendExportDate
FN:178,getExistingAnnotations
FN:190,wrapAnnotationTemplate
FN:194,removeStartingSlash
FN:202,sanitizeObsidianPath
FNF:15
FNH:7
FNDA:21,_prepareAttributeParts
FNDA:84,hasOwnProp
FNDA:21,getAttrGetter
FNDA:63,attrGetter
FNDA:21,filterBy
FNDA:63,(anonymous_5)
FNDA:2,format
FNDA:0,loadTemplate
FNDA:0,getTemplates
FNDA:0,getLastExport
FNDA:0,appendExportDate
FNDA:0,getExistingAnnotations
FNDA:0,wrapAnnotationTemplate
FNDA:0,removeStartingSlash
FNDA:0,sanitizeObsidianPath
DA:6,1
DA:11,21
DA:12,1
DA:15,20
DA:19,84
DA:23,21
DA:25,21
DA:26,63
DA:28,63
DA:29,84
DA:31,84
DA:32,84
DA:34,0
DA:38,63
DA:57,21
DA:59,21
DA:60,63
DA:62,63
DA:64,63
DA:68,27
DA:70,27
DA:72,27
DA:73,9
DA:76,18
DA:77,9
DA:80,9
DA:81,9
DA:85,36
DA:90,33
DA:92,30
DA:94,6
DA:96,9
DA:98,6
DA:100,9
DA:104,3
DA:108,1
DA:111,2
DA:112,1
DA:115,1
DA:121,1
DA:128,0
DA:130,0
DA:134,0
DA:135,0
DA:136,0
DA:139,0
DA:143,0
DA:145,0
DA:165,0
DA:167,0
DA:168,0
DA:171,0
DA:175,0
DA:179,0
DA:183,0
DA:184,0
DA:187,0
DA:191,0
DA:195,0
DA:196,0
DA:199,0
DA:203,0
DA:204,0
DA:207,0
DA:208,0
DA:211,0
LF:66
LH:39
BRDA:11,0,0,1
BRDA:11,0,1,20
BRDA:31,1,0,84
BRDA:31,1,1,0
BRDA:60,2,0,0
BRDA:60,2,1,63
BRDA:62,3,0,0
BRDA:62,3,1,63
BRDA:64,4,0,27
BRDA:64,4,1,36
BRDA:65,5,0,63
BRDA:65,5,1,33
BRDA:72,6,0,9
BRDA:72,6,1,18
BRDA:76,7,0,9
BRDA:76,7,1,9
BRDA:80,8,0,9
BRDA:80,8,1,0
BRDA:85,9,0,33
BRDA:85,9,1,3
BRDA:90,10,0,3
BRDA:90,10,1,30
BRDA:90,11,0,33
BRDA:90,11,1,33
BRDA:92,12,0,6
BRDA:92,12,1,9
BRDA:92,12,2,6
BRDA:92,12,3,9
BRDA:111,13,0,1
BRDA:111,13,1,1
BRDA:128,14,0,0
BRDA:128,14,1,0
BRDA:134,15,0,0
BRDA:134,15,1,0
BRDA:167,16,0,0
BRDA:167,16,1,0
BRDA:167,17,0,0
BRDA:167,17,1,0
BRDA:183,18,0,0
BRDA:183,18,1,0
BRDA:183,19,0,0
BRDA:183,19,1,0
BRDA:195,20,0,0
BRDA:195,20,1,0
BRDA:203,21,0,0
BRDA:203,21,1,0
BRDA:207,22,0,0
BRDA:207,22,1,0
BRF:48
BRH:26
end_of_record
